<?xml version="1.0" encoding="UTF-8"?>
<testng-results total="10" passed="10" failed="0" skipped="0">
  <reporter-output>
  </reporter-output>
  <suite started-at="2024-08-25T03:53:01Z" name="All Test Suite" finished-at="2024-08-25T03:53:11Z" duration-ms="10456">
    <groups>
    </groups>
    <test started-at="2024-08-25T03:53:01Z" name="C:/Users/soumarkundu/IdeaProjects/JAVA_APITesting_Automation" finished-at="2024-08-25T03:53:11Z" duration-ms="10456">
      <class name="Test.APITests">
        <test-method is-config="true" signature="setup()[pri:0, instance:Test.APITests@764faa6]" started-at="2024-08-25T09:23:01Z" name="setup" finished-at="2024-08-25T09:23:02Z" duration-ms="630" status="PASS">
          <reporter-output>
          </reporter-output>
        </test-method> <!-- setup -->
        <test-method signature="createRequest()[pri:0, instance:Test.APITests@764faa6]" started-at="2024-08-25T09:23:02Z" name="createRequest" finished-at="2024-08-25T09:23:04Z" duration-ms="2356" status="PASS">
          <reporter-output>
          </reporter-output>
        </test-method> <!-- createRequest -->
        <test-method signature="Register()[pri:0, instance:Test.APITests@764faa6]" started-at="2024-08-25T09:23:04Z" name="Register" finished-at="2024-08-25T09:23:05Z" duration-ms="802" status="PASS">
          <reporter-output>
          </reporter-output>
        </test-method> <!-- Register -->
        <test-method signature="validatePaginationLimit1()[pri:0, instance:Test.APITests@764faa6]" started-at="2024-08-25T09:23:05Z" name="validatePaginationLimit1" finished-at="2024-08-25T09:23:06Z" duration-ms="1404" status="PASS">
          <reporter-output>
          </reporter-output>
        </test-method> <!-- validatePaginationLimit1 -->
        <test-method signature="validatePaginationLimit2()[pri:0, instance:Test.APITests@764faa6]" started-at="2024-08-25T09:23:06Z" name="validatePaginationLimit2" finished-at="2024-08-25T09:23:07Z" duration-ms="251" status="PASS">
          <reporter-output>
          </reporter-output>
        </test-method> <!-- validatePaginationLimit2 -->
        <test-method signature="createNegativeScenario()[pri:0, instance:Test.APITests@764faa6]" started-at="2024-08-25T09:23:07Z" name="createNegativeScenario" finished-at="2024-08-25T09:23:07Z" duration-ms="583" status="PASS">
          <reporter-output>
          </reporter-output>
        </test-method> <!-- createNegativeScenario -->
        <test-method signature="registerNegativeScenario()[pri:0, instance:Test.APITests@764faa6]" started-at="2024-08-25T09:23:07Z" name="registerNegativeScenario" finished-at="2024-08-25T09:23:09Z" duration-ms="1396" status="PASS">
          <reporter-output>
          </reporter-output>
        </test-method> <!-- registerNegativeScenario -->
        <test-method signature="singleUserNegativeScenario()[pri:0, instance:Test.APITests@764faa6]" started-at="2024-08-25T09:23:09Z" name="singleUserNegativeScenario" finished-at="2024-08-25T09:23:09Z" duration-ms="470" status="PASS">
          <reporter-output>
          </reporter-output>
        </test-method> <!-- singleUserNegativeScenario -->
        <test-method signature="LoginNegativeScenario()[pri:0, instance:Test.APITests@764faa6]" started-at="2024-08-25T09:23:09Z" name="LoginNegativeScenario" finished-at="2024-08-25T09:23:10Z" duration-ms="601" status="PASS">
          <reporter-output>
          </reporter-output>
        </test-method> <!-- LoginNegativeScenario -->
        <test-method signature="deleteNegativeScenario()[pri:0, instance:Test.APITests@764faa6]" started-at="2024-08-25T09:23:10Z" name="deleteNegativeScenario" finished-at="2024-08-25T09:23:10Z" duration-ms="715" status="PASS">
          <reporter-output>
          </reporter-output>
        </test-method> <!-- deleteNegativeScenario -->
        <test-method signature="Login()[pri:0, instance:Test.APITests@764faa6]" started-at="2024-08-25T09:23:10Z" name="Login" finished-at="2024-08-25T09:23:11Z" depends-on-methods="Test.APITests.Register" duration-ms="1123" status="PASS">
          <reporter-output>
          </reporter-output>
        </test-method> <!-- Login -->
      </class> <!-- Test.APITests -->
    </test> <!-- C:/Users/soumarkundu/IdeaProjects/JAVA_APITesting_Automation -->
  </suite> <!-- All Test Suite -->
</testng-results>
